<?xml version="1.0" encoding="UTF-8"?>
<!-- Generated by org.testng.reporters.JUnitReportReporter -->
<testsuite skipped="0" hostname="AGI-LT-1575" name="MAVENintSELtest.Test001" tests="1" failures="0" timestamp="25 Oct 2021 04:39:23 GMT" time="10.746" errors="0">
  <testcase name="test1" time="10.746" classname="MAVENintSELtest.Test001"/>
</testsuite> <!-- MAVENintSELtest.Test001 -->
